09	m:	28.21
54265	408	1632	28.14	a:	28.07	m:	28.14
54364	402	1608	27.72	a:	27.98	m:	28.14
54464	409	1636	28.21	a:	27.98	m:	28.14
54564	408	1632	28.14	a:	28.07	m:	28.14
54664	408	1632	28.14	a:	28.07	m:	28.14
54764	408	1632	28.14	a:	28.07	m:	28.14
54864	409	1636	28.21	a:	28.07	m:	28.14
54964	409	1636	28.21	a:	28.07	m:	28.14
55064	402	1608	27.72	a:	28.07	m:	28.14
55164	408	1632	28.14	a:	28.07	m:	28.14
55264	408	1632	28.14	a:	28.07	m:	28.14
55364	408	1632	28.14	a:	28.07	m:	28.14
55464	408	1632	28.14	a:	28.05	m:	28.14
55564	409	1636	28.21	a:	28.14	m:	28.14
55664	407	1628	28.07	a:	28.14	m:	28.14
55764	401	1604	27.66	a:	28.03	m:	28.14
55864	393	1572	27.10	a:	27.83	m:	28.07
55964	406	1624	28.00	a:	27.79	m:	28.00
56065	399	1596	27.52	a:	27.86	m:	28.00
56164	392	1568	27.03	a:	27.74	m:	28.00
56264	406	1624	28.00	a:	27.74	m:	28.00
56365	398	1592	27.45	a:	27.62	m:	27.52
56464	391	1564	26.97	a:	27.38	m:	27.45
56564	351	1404	24.21	a:	26.83	m:	27.45
56665	284	1136	19.59	a:	25.34	m:	27.45
56765	237	948     16.34	a:	23.12	m:	24.21
56865	234	936     16.14	a:	20.84	m:	19.59
56965	227	908     15.66	a:	18.38	m:	16.34
57065	220	880     15.17	a:	18.28	m:	16.34
57165	233	932     16.07	a:	18.28	m:	16.34
57265	227	908     15.66	a:	18.14	m:	16.07
57365	227	908     15.66	a:	17.34	m:	15.66
57465	227	908     15.66	a:	15.64	m:	15.66
57565	227	908     15.66	a:	15.72	m:	15.66
57665	234	936     16.14	a:	15.83	m:	15.66
57765	234	936     16.14	a:	15.93	m:	16.07